#0 building with "default" instance using docker driver

#1 [internal] load build definition from Dockerfile
#1 transferring dockerfile: 12.30kB done
#1 DONE 0.1s

#2 [internal] load .dockerignore
#2 transferring context: 2B done
#2 DONE 0.1s

#3 [internal] load metadata for docker.io/nvidia/cuda:12.0.0-cudnn8-devel-ubuntu22.04
#3 DONE 1.2s

#4 [ 1/22] FROM docker.io/nvidia/cuda:12.0.0-cudnn8-devel-ubuntu22.04@sha256:0e7e32e1165591362feb836ef2e9be1f7f8078b6ac265b05fd52ac78db23b4fa
#4 resolve docker.io/nvidia/cuda:12.0.0-cudnn8-devel-ubuntu22.04@sha256:0e7e32e1165591362feb836ef2e9be1f7f8078b6ac265b05fd52ac78db23b4fa 0.0s done
#4 sha256:082ff5e6a9f68fd25e2deb04644f0ef1e2c4b4d4fdbed5cfbde6144f2b417cdd 2.84kB / 2.84kB done
#4 sha256:6c0deaabac7154ffd6df5643cdadbbf5353793b0b0a6966ba5dcaa4a7a9691e5 0B / 55.42MB 0.1s
#4 sha256:87a2955cd8c4c9b857300a4b863338eeaee2220d63831988438e689c1ff408c5 17.93kB / 17.93kB done
#4 sha256:0e7e32e1165591362feb836ef2e9be1f7f8078b6ac265b05fd52ac78db23b4fa 743B / 743B done
#4 sha256:aece8493d3972efa43bfd4ee3cdba659c0f787f8f59c82fb3e48c87cbb22a12e 0B / 29.54MB 0.1s
#4 sha256:aece8493d3972efa43bfd4ee3cdba659c0f787f8f59c82fb3e48c87cbb22a12e 7.34MB / 29.54MB 0.2s
#4 sha256:cb5efdcf30fe6b6d8f8e4af215599a0809822ba10f6f60e09fb0bfbd9667698f 0B / 4.62MB 0.2s
#4 sha256:6c0deaabac7154ffd6df5643cdadbbf5353793b0b0a6966ba5dcaa4a7a9691e5 24.12MB / 55.42MB 0.4s
#4 sha256:aece8493d3972efa43bfd4ee3cdba659c0f787f8f59c82fb3e48c87cbb22a12e 29.54MB / 29.54MB 0.4s
#4 sha256:cb5efdcf30fe6b6d8f8e4af215599a0809822ba10f6f60e09fb0bfbd9667698f 4.62MB / 4.62MB 0.4s
#4 sha256:6c0deaabac7154ffd6df5643cdadbbf5353793b0b0a6966ba5dcaa4a7a9691e5 52.43MB / 55.42MB 0.5s
#4 sha256:6c0deaabac7154ffd6df5643cdadbbf5353793b0b0a6966ba5dcaa4a7a9691e5 55.42MB / 55.42MB 0.7s
#4 sha256:aece8493d3972efa43bfd4ee3cdba659c0f787f8f59c82fb3e48c87cbb22a12e 29.54MB / 29.54MB 0.5s done
#4 sha256:cb5efdcf30fe6b6d8f8e4af215599a0809822ba10f6f60e09fb0bfbd9667698f 4.62MB / 4.62MB 0.6s done
#4 extracting sha256:aece8493d3972efa43bfd4ee3cdba659c0f787f8f59c82fb3e48c87cbb22a12e
#4 sha256:56cb4663b3f5256ca693c46553c5598cbd09acb7524568b482bf36558827619a 0B / 188B 0.7s
#4 sha256:56cb4663b3f5256ca693c46553c5598cbd09acb7524568b482bf36558827619a 188B / 188B 0.8s
#4 sha256:6c0deaabac7154ffd6df5643cdadbbf5353793b0b0a6966ba5dcaa4a7a9691e5 55.42MB / 55.42MB 1.2s done
#4 sha256:56cb4663b3f5256ca693c46553c5598cbd09acb7524568b482bf36558827619a 188B / 188B 1.2s done
#4 sha256:02e717b2652ea397c3a56daa1d0ec008bbd2b4aadec4365e6ef83566b9cc5732 0B / 1.20GB 1.3s
#4 sha256:0a0d0d55d972a1379122bf8444f3e4c16cd3dd1f206bd8b1e92101ab0de7fe93 0B / 6.89kB 1.3s
#4 sha256:b164987006b770cceeaa1a9677de39e8a94e4f036334f3ba130037dce3801023 0B / 63.88kB 1.3s
#4 sha256:b164987006b770cceeaa1a9677de39e8a94e4f036334f3ba130037dce3801023 63.88kB / 63.88kB 1.4s done
#4 sha256:0a0d0d55d972a1379122bf8444f3e4c16cd3dd1f206bd8b1e92101ab0de7fe93 6.89kB / 6.89kB 1.4s done
#4 sha256:0b98879aded40096ba9e1b3101ee0518e24d49f2d75599f992942a078c5cf5be 1.68kB / 1.68kB 1.5s done
#4 sha256:ec9ef43e3687683d4690eb725854d8a988c10b8aa19450e77db564db32eb24cf 1.52kB / 1.52kB 1.6s
#4 sha256:0fb7c426b4f58c6fb1f7dd05dd7d6621b22082c34d35506e678125371143f7f6 0B / 2.38GB 1.6s
#4 extracting sha256:aece8493d3972efa43bfd4ee3cdba659c0f787f8f59c82fb3e48c87cbb22a12e 1.0s done
#4 sha256:02e717b2652ea397c3a56daa1d0ec008bbd2b4aadec4365e6ef83566b9cc5732 74.45MB / 1.20GB 1.7s
#4 sha256:ec9ef43e3687683d4690eb725854d8a988c10b8aa19450e77db564db32eb24cf 1.52kB / 1.52kB 1.6s done
#4 sha256:5cf2720eeb4b5afefc435fd21e2e9173c65022e50314f0c6cfee3132e4d965b1 0B / 88.44kB 1.7s
#4 extracting sha256:cb5efdcf30fe6b6d8f8e4af215599a0809822ba10f6f60e09fb0bfbd9667698f
#4 sha256:5cf2720eeb4b5afefc435fd21e2e9173c65022e50314f0c6cfee3132e4d965b1 88.44kB / 88.44kB 1.8s done
#4 sha256:dcfbd470aceb907142f29aafe74e9e128f564fe52b60b0c8c726d5dcfa6c45c7 0B / 1.48GB 1.9s
#4 sha256:02e717b2652ea397c3a56daa1d0ec008bbd2b4aadec4365e6ef83566b9cc5732 146.80MB / 1.20GB 2.1s
#4 ...

#5 [internal] load build context
#5 transferring context: 70.27MB 2.1s done
#5 DONE 2.2s

#4 [ 1/22] FROM docker.io/nvidia/cuda:12.0.0-cudnn8-devel-ubuntu22.04@sha256:0e7e32e1165591362feb836ef2e9be1f7f8078b6ac265b05fd52ac78db23b4fa
#4 extracting sha256:cb5efdcf30fe6b6d8f8e4af215599a0809822ba10f6f60e09fb0bfbd9667698f 0.5s done
#4 sha256:02e717b2652ea397c3a56daa1d0ec008bbd2b4aadec4365e6ef83566b9cc5732 230.69MB / 1.20GB 2.6s
#4 sha256:0fb7c426b4f58c6fb1f7dd05dd7d6621b22082c34d35506e678125371143f7f6 142.61MB / 2.38GB 2.6s
#4 sha256:dcfbd470aceb907142f29aafe74e9e128f564fe52b60b0c8c726d5dcfa6c45c7 97.52MB / 1.48GB 2.6s
#4 sha256:02e717b2652ea397c3a56daa1d0ec008bbd2b4aadec4365e6ef83566b9cc5732 292.11MB / 1.20GB 3.1s
#4 sha256:dcfbd470aceb907142f29aafe74e9e128f564fe52b60b0c8c726d5dcfa6c45c7 178.26MB / 1.48GB 3.3s
#4 sha256:02e717b2652ea397c3a56daa1d0ec008bbd2b4aadec4365e6ef83566b9cc5732 389.02MB / 1.20GB 3.6s
#4 sha256:0fb7c426b4f58c6fb1f7dd05dd7d6621b22082c34d35506e678125371143f7f6 303.13MB / 2.38GB 3.6s
#4 sha256:02e717b2652ea397c3a56daa1d0ec008bbd2b4aadec4365e6ef83566b9cc5732 459.28MB / 1.20GB 4.0s
#4 sha256:dcfbd470aceb907142f29aafe74e9e128f564fe52b60b0c8c726d5dcfa6c45c7 259.00MB / 1.48GB 4.0s
#4 sha256:0fb7c426b4f58c6fb1f7dd05dd7d6621b22082c34d35506e678125371143f7f6 429.92MB / 2.38GB 4.3s
#4 sha256:dcfbd470aceb907142f29aafe74e9e128f564fe52b60b0c8c726d5dcfa6c45c7 340.79MB / 1.48GB 4.5s
#4 sha256:02e717b2652ea397c3a56daa1d0ec008bbd2b4aadec4365e6ef83566b9cc5732 525.34MB / 1.20GB 4.6s
#4 sha256:0fb7c426b4f58c6fb1f7dd05dd7d6621b22082c34d35506e678125371143f7f6 577.77MB / 2.38GB 5.1s
#4 sha256:dcfbd470aceb907142f29aafe74e9e128f564fe52b60b0c8c726d5dcfa6c45c7 429.92MB / 1.48GB 5.1s
#4 sha256:02e717b2652ea397c3a56daa1d0ec008bbd2b4aadec4365e6ef83566b9cc5732 615.51MB / 1.20GB 5.4s
#4 sha256:0fb7c426b4f58c6fb1f7dd05dd7d6621b22082c34d35506e678125371143f7f6 721.42MB / 2.38GB 5.9s
#4 sha256:dcfbd470aceb907142f29aafe74e9e128f564fe52b60b0c8c726d5dcfa6c45c7 527.44MB / 1.48GB 5.9s
#4 sha256:02e717b2652ea397c3a56daa1d0ec008bbd2b4aadec4365e6ef83566b9cc5732 691.72MB / 1.20GB 6.1s
#4 sha256:02e717b2652ea397c3a56daa1d0ec008bbd2b4aadec4365e6ef83566b9cc5732 752.88MB / 1.20GB 6.5s
#4 sha256:dcfbd470aceb907142f29aafe74e9e128f564fe52b60b0c8c726d5dcfa6c45c7 631.68MB / 1.48GB 6.5s
#4 sha256:0fb7c426b4f58c6fb1f7dd05dd7d6621b22082c34d35506e678125371143f7f6 871.37MB / 2.38GB 6.8s
#4 sha256:02e717b2652ea397c3a56daa1d0ec008bbd2b4aadec4365e6ef83566b9cc5732 832.57MB / 1.20GB 7.0s
#4 sha256:dcfbd470aceb907142f29aafe74e9e128f564fe52b60b0c8c726d5dcfa6c45c7 720.37MB / 1.48GB 7.0s
#4 sha256:02e717b2652ea397c3a56daa1d0ec008bbd2b4aadec4365e6ef83566b9cc5732 920.65MB / 1.20GB 7.5s
#4 sha256:dcfbd470aceb907142f29aafe74e9e128f564fe52b60b0c8c726d5dcfa6c45c7 795.87MB / 1.48GB 7.5s
#4 sha256:0fb7c426b4f58c6fb1f7dd05dd7d6621b22082c34d35506e678125371143f7f6 1.00GB / 2.38GB 7.7s
#4 sha256:02e717b2652ea397c3a56daa1d0ec008bbd2b4aadec4365e6ef83566b9cc5732 986.71MB / 1.20GB 8.0s
#4 sha256:dcfbd470aceb907142f29aafe74e9e128f564fe52b60b0c8c726d5dcfa6c45c7 871.37MB / 1.48GB 8.0s
#4 sha256:02e717b2652ea397c3a56daa1d0ec008bbd2b4aadec4365e6ef83566b9cc5732 1.07GB / 1.20GB 8.6s
#4 sha256:0fb7c426b4f58c6fb1f7dd05dd7d6621b22082c34d35506e678125371143f7f6 1.15GB / 2.38GB 8.6s
#4 sha256:dcfbd470aceb907142f29aafe74e9e128f564fe52b60b0c8c726d5dcfa6c45c7 954.20MB / 1.48GB 8.6s
#4 sha256:02e717b2652ea397c3a56daa1d0ec008bbd2b4aadec4365e6ef83566b9cc5732 1.13GB / 1.20GB 8.9s
#4 sha256:dcfbd470aceb907142f29aafe74e9e128f564fe52b60b0c8c726d5dcfa6c45c7 1.05GB / 1.48GB 9.1s
#4 sha256:02e717b2652ea397c3a56daa1d0ec008bbd2b4aadec4365e6ef83566b9cc5732 1.20GB / 1.20GB 9.3s
#4 sha256:0fb7c426b4f58c6fb1f7dd05dd7d6621b22082c34d35506e678125371143f7f6 1.28GB / 2.38GB 9.5s
#4 sha256:dcfbd470aceb907142f29aafe74e9e128f564fe52b60b0c8c726d5dcfa6c45c7 1.13GB / 1.48GB 9.7s
#4 sha256:0fb7c426b4f58c6fb1f7dd05dd7d6621b22082c34d35506e678125371143f7f6 1.40GB / 2.38GB 10.1s
#4 sha256:dcfbd470aceb907142f29aafe74e9e128f564fe52b60b0c8c726d5dcfa6c45c7 1.23GB / 1.48GB 10.4s
#4 sha256:0fb7c426b4f58c6fb1f7dd05dd7d6621b22082c34d35506e678125371143f7f6 1.54GB / 2.38GB 11.0s
#4 sha256:dcfbd470aceb907142f29aafe74e9e128f564fe52b60b0c8c726d5dcfa6c45c7 1.30GB / 1.48GB 11.0s
#4 sha256:dcfbd470aceb907142f29aafe74e9e128f564fe52b60b0c8c726d5dcfa6c45c7 1.38GB / 1.48GB 11.5s
#4 sha256:0fb7c426b4f58c6fb1f7dd05dd7d6621b22082c34d35506e678125371143f7f6 1.67GB / 2.38GB 11.7s
#4 sha256:dcfbd470aceb907142f29aafe74e9e128f564fe52b60b0c8c726d5dcfa6c45c7 1.48GB / 1.48GB 12.1s
#4 sha256:0fb7c426b4f58c6fb1f7dd05dd7d6621b22082c34d35506e678125371143f7f6 1.79GB / 2.38GB 12.6s
#4 sha256:0fb7c426b4f58c6fb1f7dd05dd7d6621b22082c34d35506e678125371143f7f6 1.91GB / 2.38GB 13.3s
#4 sha256:0fb7c426b4f58c6fb1f7dd05dd7d6621b22082c34d35506e678125371143f7f6 2.06GB / 2.38GB 14.0s
#4 sha256:02e717b2652ea397c3a56daa1d0ec008bbd2b4aadec4365e6ef83566b9cc5732 1.20GB / 1.20GB 14.4s
#4 sha256:0fb7c426b4f58c6fb1f7dd05dd7d6621b22082c34d35506e678125371143f7f6 2.18GB / 2.38GB 15.0s
#4 sha256:0fb7c426b4f58c6fb1f7dd05dd7d6621b22082c34d35506e678125371143f7f6 2.33GB / 2.38GB 15.7s
#4 sha256:dcfbd470aceb907142f29aafe74e9e128f564fe52b60b0c8c726d5dcfa6c45c7 1.48GB / 1.48GB 17.2s
#4 sha256:02e717b2652ea397c3a56daa1d0ec008bbd2b4aadec4365e6ef83566b9cc5732 1.20GB / 1.20GB 19.6s
#4 sha256:0fb7c426b4f58c6fb1f7dd05dd7d6621b22082c34d35506e678125371143f7f6 2.38GB / 2.38GB 20.9s
#4 sha256:dcfbd470aceb907142f29aafe74e9e128f564fe52b60b0c8c726d5dcfa6c45c7 1.48GB / 1.48GB 22.4s
#4 sha256:02e717b2652ea397c3a56daa1d0ec008bbd2b4aadec4365e6ef83566b9cc5732 1.20GB / 1.20GB 22.3s done
#4 sha256:0fb7c426b4f58c6fb1f7dd05dd7d6621b22082c34d35506e678125371143f7f6 2.38GB / 2.38GB 26.0s
#4 sha256:dcfbd470aceb907142f29aafe74e9e128f564fe52b60b0c8c726d5dcfa6c45c7 1.48GB / 1.48GB 27.5s
#4 sha256:0fb7c426b4f58c6fb1f7dd05dd7d6621b22082c34d35506e678125371143f7f6 2.38GB / 2.38GB 31.2s
#4 sha256:dcfbd470aceb907142f29aafe74e9e128f564fe52b60b0c8c726d5dcfa6c45c7 1.48GB / 1.48GB 32.6s
#4 sha256:0fb7c426b4f58c6fb1f7dd05dd7d6621b22082c34d35506e678125371143f7f6 2.38GB / 2.38GB 36.4s
#4 sha256:0fb7c426b4f58c6fb1f7dd05dd7d6621b22082c34d35506e678125371143f7f6 2.38GB / 2.38GB 37.8s done
#4 sha256:dcfbd470aceb907142f29aafe74e9e128f564fe52b60b0c8c726d5dcfa6c45c7 1.48GB / 1.48GB 36.6s done
#4 extracting sha256:6c0deaabac7154ffd6df5643cdadbbf5353793b0b0a6966ba5dcaa4a7a9691e5 0.1s
#4 extracting sha256:6c0deaabac7154ffd6df5643cdadbbf5353793b0b0a6966ba5dcaa4a7a9691e5 0.8s done
#4 extracting sha256:56cb4663b3f5256ca693c46553c5598cbd09acb7524568b482bf36558827619a
#4 extracting sha256:56cb4663b3f5256ca693c46553c5598cbd09acb7524568b482bf36558827619a done
#4 extracting sha256:0a0d0d55d972a1379122bf8444f3e4c16cd3dd1f206bd8b1e92101ab0de7fe93
#4 extracting sha256:0a0d0d55d972a1379122bf8444f3e4c16cd3dd1f206bd8b1e92101ab0de7fe93 done
#4 extracting sha256:02e717b2652ea397c3a56daa1d0ec008bbd2b4aadec4365e6ef83566b9cc5732
#4 extracting sha256:02e717b2652ea397c3a56daa1d0ec008bbd2b4aadec4365e6ef83566b9cc5732 5.1s
#4 extracting sha256:02e717b2652ea397c3a56daa1d0ec008bbd2b4aadec4365e6ef83566b9cc5732 10.2s
#4 extracting sha256:02e717b2652ea397c3a56daa1d0ec008bbd2b4aadec4365e6ef83566b9cc5732 13.0s done
