2025-08-31 14:27:55,240 - adaptive_pattern_generator - INFO - unknown - 💓 [Heartbeat] AdaptivePatternGenerator initialized (logger active)
2025-08-31 14:27:55,241 - adaptive_pattern_generator - INFO - unknown - ✅ [AdaptivePatternGenerator] Initialized với profile 'medium'
2025-08-31 14:27:55,245 - adaptive_pattern_generator - INFO - unknown - 💓 [Heartbeat] AdaptivePatternGenerator initialized (logger active)
2025-08-31 14:27:55,245 - adaptive_pattern_generator - INFO - unknown - ✅ [AdaptivePatternGenerator] Initialized với profile 'medium'
2025-08-31 14:28:08,291 - adaptive_pattern_generator - INFO - unknown - 💓 [Heartbeat] AdaptivePatternGenerator initialized (logger active)
2025-08-31 14:28:08,292 - adaptive_pattern_generator - INFO - unknown - ✅ [AdaptivePatternGenerator] Initialized với profile 'medium'
2025-08-31 14:28:08,297 - adaptive_pattern_generator - DEBUG - unknown - 🎯 [APG.generate_control_params] Entry - PID: 142, has_metrics: True
2025-08-31 14:28:08,297 - adaptive_pattern_generator - DEBUG - unknown - ⏱️ [APG._update_phase] Position: 0→1, timer: 1
2025-08-31 14:28:08,297 - adaptive_pattern_generator - DEBUG - unknown - 📍 [APG.generate_control_params] Phase: warmup, cycle_pos: 1/90
2025-08-31 14:28:08,298 - adaptive_pattern_generator - DEBUG - unknown - 🛡️ [APG._apply_safety_limits] Entry - applying safety limits
2025-08-31 14:28:08,298 - adaptive_pattern_generator - INFO - unknown - ✅ [APG.generate_control_params] Generated params for PID=142: power=50W, sm_clock=1070MHz, temp=78°C
2025-08-31 14:28:10,530 - adaptive_pattern_generator - DEBUG - unknown - 🎯 [APG.generate_control_params] Entry - PID: 142, has_metrics: True
2025-08-31 14:28:10,531 - adaptive_pattern_generator - DEBUG - unknown - ⏱️ [APG._update_phase] Position: 0→1, timer: 1
2025-08-31 14:28:10,532 - adaptive_pattern_generator - DEBUG - unknown - 📍 [APG.generate_control_params] Phase: warmup, cycle_pos: 1/90
2025-08-31 14:28:10,532 - adaptive_pattern_generator - DEBUG - unknown - 🎯 [APG.generate_control_params] Entry - PID: 142, has_metrics: True
2025-08-31 14:28:10,532 - adaptive_pattern_generator - DEBUG - unknown - 🛡️ [APG._apply_safety_limits] Entry - applying safety limits
2025-08-31 14:28:10,532 - adaptive_pattern_generator - DEBUG - unknown - ⏱️ [APG._update_phase] Position: 1→2, timer: 2
2025-08-31 14:28:10,532 - adaptive_pattern_generator - INFO - unknown - ✅ [APG.generate_control_params] Generated params for PID=142: power=50W, sm_clock=1277MHz, temp=78°C
2025-08-31 14:28:10,533 - adaptive_pattern_generator - DEBUG - unknown - 📍 [APG.generate_control_params] Phase: warmup, cycle_pos: 2/90
2025-08-31 14:28:10,534 - adaptive_pattern_generator - DEBUG - unknown - 🛡️ [APG._apply_safety_limits] Entry - applying safety limits
2025-08-31 14:28:10,534 - adaptive_pattern_generator - INFO - unknown - ✅ [APG.generate_control_params] Generated params for PID=142: power=50W, sm_clock=962MHz, temp=78°C
2025-08-31 14:28:14,811 - adaptive_pattern_generator - DEBUG - unknown - 🎯 [APG.generate_control_params] Entry - PID: 209, has_metrics: True
2025-08-31 14:28:14,811 - adaptive_pattern_generator - DEBUG - unknown - ⏱️ [APG._update_phase] Position: 1→2, timer: 2
2025-08-31 14:28:14,811 - adaptive_pattern_generator - DEBUG - unknown - 📍 [APG.generate_control_params] Phase: warmup, cycle_pos: 2/90
2025-08-31 14:28:14,811 - adaptive_pattern_generator - DEBUG - unknown - 🛡️ [APG._apply_safety_limits] Entry - applying safety limits
2025-08-31 14:28:14,811 - adaptive_pattern_generator - INFO - unknown - ✅ [APG.generate_control_params] Generated params for PID=209: power=51W, sm_clock=1002MHz, temp=78°C
2025-08-31 14:28:17,035 - adaptive_pattern_generator - DEBUG - unknown - 🎯 [APG.generate_control_params] Entry - PID: 209, has_metrics: True
2025-08-31 14:28:17,037 - adaptive_pattern_generator - DEBUG - unknown - 🎯 [APG.generate_control_params] Entry - PID: 209, has_metrics: True
2025-08-31 14:28:17,037 - adaptive_pattern_generator - DEBUG - unknown - ⏱️ [APG._update_phase] Position: 2→3, timer: 3
2025-08-31 14:28:17,037 - adaptive_pattern_generator - DEBUG - unknown - 📍 [APG.generate_control_params] Phase: warmup, cycle_pos: 3/90
2025-08-31 14:28:17,037 - adaptive_pattern_generator - DEBUG - unknown - 🛡️ [APG._apply_safety_limits] Entry - applying safety limits
2025-08-31 14:28:17,038 - adaptive_pattern_generator - INFO - unknown - ✅ [APG.generate_control_params] Generated params for PID=209: power=50W, sm_clock=885MHz, temp=78°C
2025-08-31 14:28:17,047 - adaptive_pattern_generator - DEBUG - unknown - ⏱️ [APG._update_phase] Position: 3→4, timer: 4
2025-08-31 14:28:17,047 - adaptive_pattern_generator - DEBUG - unknown - 📍 [APG.generate_control_params] Phase: warmup, cycle_pos: 4/90
2025-08-31 14:28:17,048 - adaptive_pattern_generator - DEBUG - unknown - 🛡️ [APG._apply_safety_limits] Entry - applying safety limits
2025-08-31 14:28:17,048 - adaptive_pattern_generator - INFO - unknown - ✅ [APG.generate_control_params] Generated params for PID=209: power=50W, sm_clock=1268MHz, temp=78°C
