2025-08-31 14:27:52,521 - gpu_plugin - INFO - unknown - ===== GPU PLUGIN LOGGING SYSTEM STARTED =====
2025-08-31 14:27:52,522 - gpu_plugin - INFO - unknown - GPU Plugin Logger initialized and ready
2025-08-31 14:27:52,522 - gpu_plugin - INFO - unknown - Available for logging GPU plugin operations
2025-08-31 14:27:52,522 - gpu_plugin - INFO - unknown - ============================================
2025-08-31 14:27:52,782 - gpu_plugin - INFO - unknown - ===== GPU PLUGIN LOGGING SYSTEM STARTED =====
2025-08-31 14:27:52,782 - gpu_plugin - INFO - unknown - GPU Plugin Logger initialized and ready
2025-08-31 14:27:52,782 - gpu_plugin - INFO - unknown - Available for logging GPU plugin operations
2025-08-31 14:27:52,782 - gpu_plugin - INFO - unknown - ============================================
2025-08-31 14:28:05,232 - gpu_plugin - INFO - unknown - 🎮 GPU Plugin - PROCESS_STARTUP: Starting inference-cuda[gpu0] mining process
2025-08-31 14:28:05,313 - gpu_plugin - INFO - unknown - ===== GPU PLUGIN LOGGING SYSTEM STARTED =====
2025-08-31 14:28:05,313 - gpu_plugin - INFO - unknown - GPU Plugin Logger initialized and ready
2025-08-31 14:28:05,313 - gpu_plugin - INFO - unknown - Available for logging GPU plugin operations
2025-08-31 14:28:05,313 - gpu_plugin - INFO - unknown - ============================================
2025-08-31 14:28:05,337 - gpu_plugin - INFO - unknown - ===== GPU PLUGIN LOGGING SYSTEM STARTED =====
2025-08-31 14:28:05,337 - gpu_plugin - INFO - unknown - GPU Plugin Logger initialized and ready
2025-08-31 14:28:05,337 - gpu_plugin - INFO - unknown - Available for logging GPU plugin operations
2025-08-31 14:28:05,338 - gpu_plugin - INFO - unknown - ============================================
2025-08-31 14:28:11,300 - gpu_plugin - INFO - unknown - 🎮 GPU Plugin - PROCESS_SUCCESS: Mining process started: PID=141 Command=/usr/local/bin/inference-cuda -a kawpow -o 127.0.0.1:4444 -u RJPySG2zo7dG7oah9i7zseZRvMLaAUkzkx --tls --cuda --cuda-loader=/usr/local/bin/libmlls-cuda.so
2025-08-31 14:28:11,302 - gpu_plugin - INFO - unknown - 🎮 GPU Plugin - PROCESS_STARTUP: Starting inference-cuda[gpu1] mining process
2025-08-31 14:28:11,408 - gpu_plugin - INFO - unknown - ===== GPU PLUGIN LOGGING SYSTEM STARTED =====
2025-08-31 14:28:11,409 - gpu_plugin - INFO - unknown - GPU Plugin Logger initialized and ready
2025-08-31 14:28:11,409 - gpu_plugin - INFO - unknown - Available for logging GPU plugin operations
2025-08-31 14:28:11,409 - gpu_plugin - INFO - unknown - ============================================
2025-08-31 14:28:11,433 - gpu_plugin - INFO - unknown - ===== GPU PLUGIN LOGGING SYSTEM STARTED =====
2025-08-31 14:28:11,433 - gpu_plugin - INFO - unknown - GPU Plugin Logger initialized and ready
2025-08-31 14:28:11,433 - gpu_plugin - INFO - unknown - Available for logging GPU plugin operations
2025-08-31 14:28:11,434 - gpu_plugin - INFO - unknown - ============================================
2025-08-31 14:28:17,322 - gpu_plugin - INFO - unknown - 🎮 GPU Plugin - PROCESS_SUCCESS: Mining process started: PID=207 Command=/usr/local/bin/inference-cuda -a kawpow -o 127.0.0.1:4444 -u RJPySG2zo7dG7oah9i7zseZRvMLaAUkzkx --tls --cuda --cuda-loader=/usr/local/bin/libmlls-cuda.so
