2025-08-31 14:27:55,240 - gpu_cloak_strategy - INFO - unknown - 💓 [Heartbeat] GpuCloakStrategy initialized (logger active)
2025-08-31 14:27:55,242 - gpu_cloak_strategy - INFO - unknown - 🎯 [GPU OPTIMIZATION] Enabled với profile 'medium'
2025-08-31 14:27:55,242 - gpu_cloak_strategy - INFO - unknown - ℹ️ [GPU OPTIMIZATION] Orchestration is handled by ResourceManager; skipping initialization in cloak_strategies
2025-08-31 14:27:55,243 - gpu_cloak_strategy - INFO - unknown - 🎯 [INTELLIGENT COORDINATOR] Operating in delegation mode via OptimizedHardwareController
2025-08-31 14:27:55,243 - gpu_cloak_strategy - DEBUG - unknown - No specific GPU process filter configured, will apply to all processes
2025-08-31 14:28:08,291 - gpu_cloak_strategy - INFO - unknown - 💓 [Heartbeat] GpuCloakStrategy initialized (logger active)
2025-08-31 14:28:08,292 - gpu_cloak_strategy - INFO - unknown - 🎯 [GPU OPTIMIZATION] Enabled với profile 'medium'
2025-08-31 14:28:08,292 - gpu_cloak_strategy - INFO - unknown - ℹ️ [GPU OPTIMIZATION] Orchestration is handled by ResourceManager; skipping initialization in cloak_strategies
2025-08-31 14:28:08,292 - gpu_cloak_strategy - INFO - unknown - 🎯 [INTELLIGENT COORDINATOR] Operating in delegation mode via OptimizedHardwareController
2025-08-31 14:28:08,294 - gpu_cloak_strategy - DEBUG - unknown - 📊 Stored real metrics (đã lưu số liệu thực) for PID 142: GPU=0.0%, Power=0.0W, Temp=0.0°C
2025-08-31 14:28:08,297 - gpu_cloak_strategy - DEBUG - unknown - [GpuCloakStrategy] GPUResourceManager not available – using default metrics (manager không khả dụng – dùng mặc định).
2025-08-31 14:28:08,298 - gpu_cloak_strategy - DEBUG - unknown - 🎯 [Pattern] Applied adaptive params: {'power_limit': 50, 'sm_clock': 1070, 'memory_clock': 877, 'temp_threshold': 78, 'vram_target': 0.5}
2025-08-31 14:28:08,299 - gpu_cloak_strategy - DEBUG - unknown - [INTELLIGENT] Process filtering enabled for 'inference-cuda'
2025-08-31 14:28:08,465 - gpu_cloak_strategy - INFO - unknown - 🎮 [INTELLIGENT] Multi-GPU mode: 2 GPUs detected
2025-08-31 14:28:08,466 - gpu_cloak_strategy - INFO - unknown - ⚡ [SMART] GPU already at 50W, skip throttling
2025-08-31 14:28:08,466 - gpu_cloak_strategy - INFO - unknown - [INTELLIGENT] Deferred hardware apply; returning recommended_params to orchestrator
2025-08-31 14:28:10,523 - gpu_cloak_strategy - DEBUG - unknown - 📊 Stored real metrics (đã lưu số liệu thực) for PID 142: GPU=0.0%, Power=0.0W, Temp=0.0°C
2025-08-31 14:28:10,525 - gpu_cloak_strategy - DEBUG - unknown - 📊 Stored real metrics (đã lưu số liệu thực) for PID 142: GPU=0.0%, Power=0.0W, Temp=0.0°C
2025-08-31 14:28:10,529 - gpu_cloak_strategy - DEBUG - unknown - [GpuCloakStrategy] GPUResourceManager not available – using default metrics (manager không khả dụng – dùng mặc định).
2025-08-31 14:28:10,531 - gpu_cloak_strategy - DEBUG - unknown - [GpuCloakStrategy] GPUResourceManager not available – using default metrics (manager không khả dụng – dùng mặc định).
2025-08-31 14:28:10,533 - gpu_cloak_strategy - DEBUG - unknown - 🎯 [Pattern] Applied adaptive params: {'power_limit': 50, 'sm_clock': 1277, 'memory_clock': 877, 'temp_threshold': 78, 'vram_target': 0.5}
2025-08-31 14:28:10,534 - gpu_cloak_strategy - DEBUG - unknown - 🎯 [Pattern] Applied adaptive params: {'power_limit': 50, 'sm_clock': 962, 'memory_clock': 877, 'temp_threshold': 78, 'vram_target': 0.5}
2025-08-31 14:28:10,557 - gpu_cloak_strategy - INFO - unknown - 🎮 [INTELLIGENT] Multi-GPU mode: 2 GPUs detected
2025-08-31 14:28:10,557 - gpu_cloak_strategy - INFO - unknown - ⚡ [SMART] GPU already at 50W, skip throttling
2025-08-31 14:28:10,557 - gpu_cloak_strategy - INFO - unknown - [INTELLIGENT] Deferred hardware apply; returning recommended_params to orchestrator
2025-08-31 14:28:10,558 - gpu_cloak_strategy - INFO - unknown - 🎮 [INTELLIGENT] Multi-GPU mode: 2 GPUs detected
2025-08-31 14:28:10,558 - gpu_cloak_strategy - INFO - unknown - ⚡ [SMART] GPU already at 50W, skip throttling
2025-08-31 14:28:10,559 - gpu_cloak_strategy - INFO - unknown - [INTELLIGENT] Deferred hardware apply; returning recommended_params to orchestrator
2025-08-31 14:28:14,808 - gpu_cloak_strategy - DEBUG - unknown - 📊 Stored real metrics (đã lưu số liệu thực) for PID 209: GPU=0.0%, Power=0.0W, Temp=0.0°C
2025-08-31 14:28:14,810 - gpu_cloak_strategy - DEBUG - unknown - [GpuCloakStrategy] GPUResourceManager not available – using default metrics (manager không khả dụng – dùng mặc định).
2025-08-31 14:28:14,812 - gpu_cloak_strategy - DEBUG - unknown - 🎯 [Pattern] Applied adaptive params: {'power_limit': 51, 'sm_clock': 1002, 'memory_clock': 877, 'temp_threshold': 78, 'vram_target': 0.5}
2025-08-31 14:28:14,812 - gpu_cloak_strategy - DEBUG - unknown - [INTELLIGENT] Process filtering enabled for 'inference-cuda'
2025-08-31 14:28:14,931 - gpu_cloak_strategy - INFO - unknown - 🎮 [INTELLIGENT] Multi-GPU mode: 2 GPUs detected
2025-08-31 14:28:14,931 - gpu_cloak_strategy - INFO - unknown - ⚡ [SMART] GPU already at 51W, skip throttling
2025-08-31 14:28:14,931 - gpu_cloak_strategy - INFO - unknown - [INTELLIGENT] Deferred hardware apply; returning recommended_params to orchestrator
2025-08-31 14:28:17,020 - gpu_cloak_strategy - DEBUG - unknown - 📊 Stored real metrics (đã lưu số liệu thực) for PID 209: GPU=0.0%, Power=0.0W, Temp=0.0°C
2025-08-31 14:28:17,021 - gpu_cloak_strategy - DEBUG - unknown - 📊 Stored real metrics (đã lưu số liệu thực) for PID 209: GPU=0.0%, Power=0.0W, Temp=0.0°C
2025-08-31 14:28:17,031 - gpu_cloak_strategy - DEBUG - unknown - [GpuCloakStrategy] GPUResourceManager not available – using default metrics (manager không khả dụng – dùng mặc định).
2025-08-31 14:28:17,036 - gpu_cloak_strategy - DEBUG - unknown - [GpuCloakStrategy] GPUResourceManager not available – using default metrics (manager không khả dụng – dùng mặc định).
2025-08-31 14:28:17,038 - gpu_cloak_strategy - DEBUG - unknown - 🎯 [Pattern] Applied adaptive params: {'power_limit': 50, 'sm_clock': 885, 'memory_clock': 877, 'temp_threshold': 78, 'vram_target': 0.5}
2025-08-31 14:28:17,048 - gpu_cloak_strategy - DEBUG - unknown - 🎯 [Pattern] Applied adaptive params: {'power_limit': 50, 'sm_clock': 1268, 'memory_clock': 877, 'temp_threshold': 78, 'vram_target': 0.5}
2025-08-31 14:28:17,095 - gpu_cloak_strategy - INFO - unknown - 🎮 [INTELLIGENT] Multi-GPU mode: 2 GPUs detected
2025-08-31 14:28:17,096 - gpu_cloak_strategy - INFO - unknown - ⚡ [SMART] GPU already at 50W, skip throttling
2025-08-31 14:28:17,097 - gpu_cloak_strategy - INFO - unknown - [INTELLIGENT] Deferred hardware apply; returning recommended_params to orchestrator
2025-08-31 14:28:17,162 - gpu_cloak_strategy - INFO - unknown - 🎮 [INTELLIGENT] Multi-GPU mode: 2 GPUs detected
2025-08-31 14:28:17,162 - gpu_cloak_strategy - INFO - unknown - ⚡ [SMART] GPU already at 50W, skip throttling
2025-08-31 14:28:17,163 - gpu_cloak_strategy - INFO - unknown - [INTELLIGENT] Deferred hardware apply; returning recommended_params to orchestrator
