2025-08-31 14:27:55,204 - gpu_optimization_orchestrator - DEBUG - unknown - [TRACE] → __init__ args=[<mining_environment.scripts.gpu_optimization_orchestrator.GPUOptimizationOrchestrator object at 0x778338f83fd0>] kwargs={}
2025-08-31 14:27:55,204 - gpu_optimization_orchestrator - DEBUG - unknown - [TRACE] → __init__ args=[<mining_environment.scripts.gpu_optimization_orchestrator.GPUOptimizationOrchestrator object at 0x778338f83fd0>] kwargs={}
2025-08-31 14:27:55,204 - gpu_optimization_orchestrator - DEBUG - unknown - [TRACE] → _get_default_config args=[<mining_environment.scripts.gpu_optimization_orchestrator.GPUOptimizationOrchestrator object at 0x778338f83fd0>] kwargs={}
2025-08-31 14:27:55,205 - gpu_optimization_orchestrator - DEBUG - unknown - [TRACE] → _get_default_config args=[<mining_environment.scripts.gpu_optimization_orchestrator.GPUOptimizationOrchestrator object at 0x778338f83fd0>] kwargs={}
2025-08-31 14:27:55,205 - gpu_optimization_orchestrator - DEBUG - unknown - [TRACE] ← _get_default_config result={"max_parallel_strategies": 4, "strategy_timeout": 30.0, "enable_profiling": true, "enable_coordination": true, "metrics_buffer_size": 1000, "profile_report_interval": 120, "continuous_optimization": true, "loop_interval_sec": 120}
2025-08-31 14:27:55,205 - gpu_optimization_orchestrator - DEBUG - unknown - [TRACE] ← _get_default_config result={"max_parallel_strategies": 4, "strategy_timeout": 30.0, "enable_profiling": true, "enable_coordination": true, "metrics_buffer_size": 1000, "profile_report_interval": 120, "continuous_optimization": true, "loop_interval_sec": 120}
2025-08-31 14:27:55,205 - gpu_optimization_orchestrator - DEBUG - unknown - [TRACE] → _init_components args=[<mining_environment.scripts.gpu_optimization_orchestrator.GPUOptimizationOrchestrator object at 0x778338f83fd0>] kwargs={}
2025-08-31 14:27:55,231 - gpu_optimization_orchestrator - INFO - unknown - ✅ Cross-Process Coordinator initialized for PID 61
2025-08-31 14:27:55,231 - gpu_optimization_orchestrator - INFO - unknown - ✅ Parallel Strategy Executor initialized (Bộ thực thi chiến lược song song đã khởi tạo – cơ chế thực thi đồng thời)
2025-08-31 14:27:55,234 - gpu_optimization_orchestrator - INFO - unknown - ✅ [MHub] Metrics Collection Hub initialized (Trung tâm thu thập số liệu đã khởi tạo – bộ gom chỉ số hoạt động)
2025-08-31 14:27:55,250 - gpu_optimization_orchestrator - INFO - unknown - ✅ Strategy Engine initialized
2025-08-31 14:27:55,254 - gpu_optimization_orchestrator - INFO - unknown - ✅ Hardware Controller initialized
2025-08-31 14:27:55,254 - gpu_optimization_orchestrator - DEBUG - unknown - [TRACE] ← _init_components result=None
2025-08-31 14:27:55,255 - gpu_optimization_orchestrator - INFO - unknown - 🚀 **GPU Optimization Orchestrator initialized** (bộ điều phối tối ưu GPU đã khởi tạo)
2025-08-31 14:27:55,255 - gpu_optimization_orchestrator - DEBUG - unknown - [TRACE] → _load_interval_choices_from_env args=[<mining_environment.scripts.gpu_optimization_orchestrator.GPUOptimizationOrchestrator object at 0x778338f83fd0>] kwargs={}
2025-08-31 14:27:55,256 - gpu_optimization_orchestrator - DEBUG - unknown - [Orchestrator] _load_interval_choices_from_env: start | defaults=[(300, 600), (600, 1200), (1200, 1800), (1800, 3600), (3600, 7200)] | jitter_pct=0.22 | min_tier=0 | max_tier=3
2025-08-31 14:27:55,256 - gpu_optimization_orchestrator - INFO - unknown - [Orchestrator] INTERVAL_CHOICES_JSON detected: [[240,420],[420,900],[900,1500],[1500,2400],[2400,4200]]
2025-08-31 14:27:55,257 - gpu_optimization_orchestrator - DEBUG - unknown - [Orchestrator] Parsed JSON tier -> lo=240 hi=420
2025-08-31 14:27:55,258 - gpu_optimization_orchestrator - DEBUG - unknown - [Orchestrator] Parsed JSON tier -> lo=420 hi=900
2025-08-31 14:27:55,259 - gpu_optimization_orchestrator - DEBUG - unknown - [Orchestrator] Parsed JSON tier -> lo=900 hi=1500
2025-08-31 14:27:55,259 - gpu_optimization_orchestrator - DEBUG - unknown - [Orchestrator] Parsed JSON tier -> lo=1500 hi=2400
2025-08-31 14:27:55,260 - gpu_optimization_orchestrator - DEBUG - unknown - [Orchestrator] Parsed JSON tier -> lo=2400 hi=4200
2025-08-31 14:27:55,260 - gpu_optimization_orchestrator - INFO - unknown - [Orchestrator] Final interval choices from JSON -> [(240, 420), (420, 900), (900, 1500), (1500, 2400), (2400, 4200)]
2025-08-31 14:27:55,261 - gpu_optimization_orchestrator - DEBUG - unknown - [TRACE] ← _load_interval_choices_from_env result=[[240, 420], [420, 900], [900, 1500], [1500, 2400], [2400, 4200]]
2025-08-31 14:27:55,261 - gpu_optimization_orchestrator - DEBUG - unknown - [TRACE] ← __init__ result=None
2025-08-31 14:27:55,262 - gpu_optimization_orchestrator - DEBUG - unknown - [TRACE] ← __init__ result=None
2025-08-31 14:28:10,503 - gpu_optimization_orchestrator - DEBUG - unknown - [TRACE] → optimize_gpu_for_process args=[<mining_environment.scripts.gpu_optimization_orchestrator.GPUOptimizationOrchestrator object at 0x778338f83fd0>] kwargs={'pid': '142', 'gpu_index': '0', 'strategies': 'None'}
2025-08-31 14:28:10,503 - gpu_optimization_orchestrator - INFO - unknown - 🎯 **Starting GPU optimization** (bắt đầu tối ưu GPU – khởi động quá trình tối ưu) for PID 142 on GPU 0
2025-08-31 14:28:10,504 - gpu_optimization_orchestrator - INFO - unknown - 🧠 Skipping GPU memory reservation for PID 142 on GPU 0 (COORD_DISABLE_GPU_MEMORY=1)
2025-08-31 14:28:10,504 - gpu_optimization_orchestrator - INFO - unknown - ✅ Acquired GPU compute-only resources for PID 142 on GPU 0 (attempt 1)
2025-08-31 14:28:10,519 - gpu_optimization_orchestrator - INFO - unknown - 🔄 Executing 4 strategies in parallel (thực thi 4 chiến lược song song – chạy đồng thời)...
2025-08-31 14:28:16,979 - gpu_optimization_orchestrator - DEBUG - unknown - [TRACE] → optimize_gpu_for_process args=[<mining_environment.scripts.gpu_optimization_orchestrator.GPUOptimizationOrchestrator object at 0x778338f83fd0>] kwargs={'pid': '209', 'gpu_index': '1', 'strategies': 'None'}
2025-08-31 14:28:16,984 - gpu_optimization_orchestrator - INFO - unknown - 🎯 **Starting GPU optimization** (bắt đầu tối ưu GPU – khởi động quá trình tối ưu) for PID 209 on GPU 1
2025-08-31 14:28:16,985 - gpu_optimization_orchestrator - INFO - unknown - 🧠 Skipping GPU memory reservation for PID 209 on GPU 1 (COORD_DISABLE_GPU_MEMORY=1)
2025-08-31 14:28:16,986 - gpu_optimization_orchestrator - INFO - unknown - ✅ Acquired GPU compute-only resources for PID 209 on GPU 1 (attempt 1)
2025-08-31 14:28:17,013 - gpu_optimization_orchestrator - INFO - unknown - 🔄 Executing 4 strategies in parallel (thực thi 4 chiến lược song song – chạy đồng thời)...
2025-08-31 14:28:48,080 - gpu_optimization_orchestrator - INFO - unknown - ✅ Released GPU resources for GPU 0
2025-08-31 14:28:48,080 - gpu_optimization_orchestrator - INFO - unknown - ✅ **Optimization completed** (tối ưu hoàn thành – quy trình kết thúc) in 37.58s
2025-08-31 14:28:48,081 - gpu_optimization_orchestrator - DEBUG - unknown - [TRACE] → start_continuous_optimization args=[<mining_environment.scripts.gpu_optimization_orchestrator.GPUOptimizationOrchestrator object at 0x778338f83fd0>] kwargs={'pid': '142', 'gpu_index': '0', 'strategies': '["gpu_power", "gpu_clock", "temperature", "memory"]'}
2025-08-31 14:28:48,081 - gpu_optimization_orchestrator - INFO - unknown - [Orchestrator] Launching closed-loop thread for GPU 0 (thread=Orchestrator-CL-0)
2025-08-31 14:28:48,081 - gpu_optimization_orchestrator - INFO - unknown - 🔄 Continuous optimization loop started (mode=fixed, base_interval=120s, pid=142, gpu=0)
2025-08-31 14:28:48,082 - gpu_optimization_orchestrator - DEBUG - unknown - [TRACE] ← start_continuous_optimization result=None
2025-08-31 14:28:48,082 - gpu_optimization_orchestrator - DEBUG - unknown - [C-LOOP] tick start | gpu=0
2025-08-31 14:28:48,083 - gpu_optimization_orchestrator - DEBUG - unknown - [TRACE] ← optimize_gpu_for_process result={"pid": 142, "gpu_index": 0, "timestamp": "2025-08-31T14:28:10.503531", "success": true, "strategies_applied": ["temperature_pid142_gpu0", "memory_pid142_gpu0", "gpu_power_pid142_gpu0", "gpu_clock_pid142_gpu0"], "metrics": {"baseline": {"timestamp": 1756650490.517798, "gpu_index": 0, "temperature": …
2025-08-31 14:28:48,091 - gpu_optimization_orchestrator - DEBUG - unknown - [TRACE] → optimize_gpu_for_process args=[<mining_environment.scripts.gpu_optimization_orchestrator.GPUOptimizationOrchestrator object at 0x778338f83fd0>] kwargs={'pid': '142', 'gpu_index': '0', 'strategies': '["gpu_power", "gpu_clock", "temperature", "memory"]'}
2025-08-31 14:28:48,103 - gpu_optimization_orchestrator - INFO - unknown - 🎯 **Starting GPU optimization** (bắt đầu tối ưu GPU – khởi động quá trình tối ưu) for PID 142 on GPU 0
2025-08-31 14:28:48,145 - gpu_optimization_orchestrator - INFO - unknown - 🧠 Skipping GPU memory reservation for PID 142 on GPU 0 (COORD_DISABLE_GPU_MEMORY=1)
2025-08-31 14:28:48,150 - gpu_optimization_orchestrator - INFO - unknown - ✅ Acquired GPU compute-only resources for PID 142 on GPU 0 (attempt 1)
2025-08-31 14:28:48,154 - gpu_optimization_orchestrator - INFO - unknown - 🔄 Executing 4 strategies in parallel (thực thi 4 chiến lược song song – chạy đồng thời)...
2025-08-31 14:28:52,573 - gpu_optimization_orchestrator - INFO - unknown - ✅ Released GPU resources for GPU 1
2025-08-31 14:28:52,573 - gpu_optimization_orchestrator - INFO - unknown - ✅ **Optimization completed** (tối ưu hoàn thành – quy trình kết thúc) in 35.59s
2025-08-31 14:28:52,573 - gpu_optimization_orchestrator - DEBUG - unknown - [TRACE] → start_continuous_optimization args=[<mining_environment.scripts.gpu_optimization_orchestrator.GPUOptimizationOrchestrator object at 0x778338f83fd0>] kwargs={'pid': '209', 'gpu_index': '1', 'strategies': '["gpu_power", "gpu_clock", "temperature", "memory"]'}
2025-08-31 14:28:52,574 - gpu_optimization_orchestrator - INFO - unknown - [Orchestrator] Launching closed-loop thread for GPU 1 (thread=Orchestrator-CL-1)
2025-08-31 14:28:52,574 - gpu_optimization_orchestrator - INFO - unknown - 🔄 Continuous optimization loop started (mode=fixed, base_interval=120s, pid=209, gpu=1)
2025-08-31 14:28:52,574 - gpu_optimization_orchestrator - DEBUG - unknown - [TRACE] ← start_continuous_optimization result=None
2025-08-31 14:28:52,574 - gpu_optimization_orchestrator - DEBUG - unknown - [C-LOOP] tick start | gpu=1
2025-08-31 14:28:52,575 - gpu_optimization_orchestrator - DEBUG - unknown - [TRACE] ← optimize_gpu_for_process result={"pid": 209, "gpu_index": 1, "timestamp": "2025-08-31T14:28:16.984631", "success": true, "strategies_applied": ["temperature_pid142_gpu0", "memory_pid142_gpu0", "gpu_power_pid142_gpu0", "gpu_clock_pid142_gpu0", "temperature_pid209_gpu1", "memory_pid209_gpu1", "gpu_power_pid209_gpu1", "gpu_clock_pid2…
2025-08-31 14:28:52,585 - gpu_optimization_orchestrator - DEBUG - unknown - [TRACE] → optimize_gpu_for_process args=[<mining_environment.scripts.gpu_optimization_orchestrator.GPUOptimizationOrchestrator object at 0x778338f83fd0>] kwargs={'pid': '209', 'gpu_index': '1', 'strategies': '["gpu_power", "gpu_clock", "temperature", "memory"]'}
2025-08-31 14:28:52,603 - gpu_optimization_orchestrator - INFO - unknown - 🎯 **Starting GPU optimization** (bắt đầu tối ưu GPU – khởi động quá trình tối ưu) for PID 209 on GPU 1
2025-08-31 14:28:52,630 - gpu_optimization_orchestrator - INFO - unknown - 🧠 Skipping GPU memory reservation for PID 209 on GPU 1 (COORD_DISABLE_GPU_MEMORY=1)
2025-08-31 14:28:52,645 - gpu_optimization_orchestrator - INFO - unknown - ✅ Acquired GPU compute-only resources for PID 209 on GPU 1 (attempt 1)
2025-08-31 14:28:52,654 - gpu_optimization_orchestrator - INFO - unknown - 🔄 Executing 4 strategies in parallel (thực thi 4 chiến lược song song – chạy đồng thời)...
2025-08-31 14:29:23,398 - gpu_optimization_orchestrator - INFO - unknown - ✅ Released GPU resources for GPU 0
2025-08-31 14:29:23,398 - gpu_optimization_orchestrator - INFO - unknown - ✅ **Optimization completed** (tối ưu hoàn thành – quy trình kết thúc) in 35.29s
2025-08-31 14:29:23,398 - gpu_optimization_orchestrator - DEBUG - unknown - [TRACE] → start_continuous_optimization args=[<mining_environment.scripts.gpu_optimization_orchestrator.GPUOptimizationOrchestrator object at 0x778338f83fd0>] kwargs={'pid': '142', 'gpu_index': '0', 'strategies': '["gpu_power", "gpu_clock", "temperature", "memory"]'}
2025-08-31 14:29:23,399 - gpu_optimization_orchestrator - INFO - unknown - [Orchestrator] Continuous optimization loop already running for GPU 0
2025-08-31 14:29:23,399 - gpu_optimization_orchestrator - DEBUG - unknown - [TRACE] ← start_continuous_optimization result=None
2025-08-31 14:29:23,400 - gpu_optimization_orchestrator - DEBUG - unknown - [TRACE] ← optimize_gpu_for_process result={"pid": 142, "gpu_index": 0, "timestamp": "2025-08-31T14:28:48.103960", "success": true, "strategies_applied": ["temperature_pid142_gpu0", "memory_pid142_gpu0", "gpu_power_pid142_gpu0", "gpu_clock_pid142_gpu0", "temperature_pid209_gpu1", "memory_pid209_gpu1", "gpu_power_pid209_gpu1", "gpu_clock_pid2…
2025-08-31 14:29:23,481 - gpu_optimization_orchestrator - INFO - unknown - [Orchestrator] Enforced min utilization=0.50 → target_util=0.80 | allow_under_80=False | gpu=0
2025-08-31 14:29:23,483 - gpu_optimization_orchestrator - DEBUG - unknown - [TRACE] → _compute_state_from_metrics args=[<mining_environment.scripts.gpu_optimization_orchestrator.GPUOptimizationOrchestrator object at 0x778338f83fd0>] kwargs={'pid': '142', 'gpu_index': '0', 'results': '{"pid": 142, "gpu_index": 0, "timestamp": "2025-08-31T14:28:48.103960", "success": true, "strategies_applied": ["temperature_pid142_gpu0", "memory_pid142_gpu0", "gpu_power_pid142_gpu0", "gpu_clock_pid142_gpu0", "temperature_pid209_gpu1", "memory_pid209_gpu1", "gpu_power_pid209_gpu1", "gpu_clock_pid2…'}
2025-08-31 14:29:23,483 - gpu_optimization_orchestrator - DEBUG - unknown - [TRACE] → _get_time_bucket args=[] kwargs={}
2025-08-31 14:29:23,483 - gpu_optimization_orchestrator - DEBUG - unknown - [TRACE] ← _get_time_bucket result=business
2025-08-31 14:29:23,483 - gpu_optimization_orchestrator - DEBUG - unknown - [TRACE] ← _compute_state_from_metrics result={"temp_status": "SAFE", "gpu_util": 100.0, "recent_errors": 0, "time_of_day": "business", "last_tier": null}
2025-08-31 14:29:23,483 - gpu_optimization_orchestrator - INFO - unknown - [Orchestrator] Closed-loop target util=0.80, tol=0.02, mode=auto | gpu=0
2025-08-31 14:29:27,983 - gpu_optimization_orchestrator - INFO - unknown - ✅ Released GPU resources for GPU 1
2025-08-31 14:29:27,983 - gpu_optimization_orchestrator - INFO - unknown - ✅ **Optimization completed** (tối ưu hoàn thành – quy trình kết thúc) in 35.38s
2025-08-31 14:29:27,983 - gpu_optimization_orchestrator - DEBUG - unknown - [TRACE] → start_continuous_optimization args=[<mining_environment.scripts.gpu_optimization_orchestrator.GPUOptimizationOrchestrator object at 0x778338f83fd0>] kwargs={'pid': '209', 'gpu_index': '1', 'strategies': '["gpu_power", "gpu_clock", "temperature", "memory"]'}
2025-08-31 14:29:27,984 - gpu_optimization_orchestrator - INFO - unknown - [Orchestrator] Continuous optimization loop already running for GPU 1
2025-08-31 14:29:27,984 - gpu_optimization_orchestrator - DEBUG - unknown - [TRACE] ← start_continuous_optimization result=None
2025-08-31 14:29:27,985 - gpu_optimization_orchestrator - DEBUG - unknown - [TRACE] ← optimize_gpu_for_process result={"pid": 209, "gpu_index": 1, "timestamp": "2025-08-31T14:28:52.603877", "success": true, "strategies_applied": ["temperature_pid142_gpu0", "memory_pid142_gpu0", "gpu_power_pid142_gpu0", "gpu_clock_pid142_gpu0", "temperature_pid209_gpu1", "memory_pid209_gpu1", "gpu_power_pid209_gpu1", "gpu_clock_pid2…
2025-08-31 14:29:28,064 - gpu_optimization_orchestrator - INFO - unknown - [Orchestrator] Enforced min utilization=0.50 → target_util=0.80 | allow_under_80=False | gpu=1
2025-08-31 14:29:28,065 - gpu_optimization_orchestrator - DEBUG - unknown - [TRACE] → _compute_state_from_metrics args=[<mining_environment.scripts.gpu_optimization_orchestrator.GPUOptimizationOrchestrator object at 0x778338f83fd0>] kwargs={'pid': '209', 'gpu_index': '1', 'results': '{"pid": 209, "gpu_index": 1, "timestamp": "2025-08-31T14:28:52.603877", "success": true, "strategies_applied": ["temperature_pid142_gpu0", "memory_pid142_gpu0", "gpu_power_pid142_gpu0", "gpu_clock_pid142_gpu0", "temperature_pid209_gpu1", "memory_pid209_gpu1", "gpu_power_pid209_gpu1", "gpu_clock_pid2…'}
2025-08-31 14:29:28,065 - gpu_optimization_orchestrator - DEBUG - unknown - [TRACE] → _get_time_bucket args=[] kwargs={}
2025-08-31 14:29:28,065 - gpu_optimization_orchestrator - DEBUG - unknown - [TRACE] ← _get_time_bucket result=business
2025-08-31 14:29:28,065 - gpu_optimization_orchestrator - DEBUG - unknown - [TRACE] ← _compute_state_from_metrics result={"temp_status": "SAFE", "gpu_util": 100.0, "recent_errors": 0, "time_of_day": "business", "last_tier": null}
2025-08-31 14:29:28,066 - gpu_optimization_orchestrator - INFO - unknown - [Orchestrator] Closed-loop target util=0.80, tol=0.02, mode=auto | gpu=1
2025-08-31 14:29:58,557 - gpu_optimization_orchestrator - INFO - unknown - [Orchestrator] Closed-loop result: success=False achieved=1.000 in 35.07s ops=['power_limit->95W', 'power_limit->90W', 'power_limit->85W', 'power_limit->80W', 'power_limit->75W', 'power_limit->70W', 'power_limit->65W', 'power_limit->60W', 'power_limit->55W', 'power_limit->50W', 'power_limit->45W', 'power_limit->40W', 'power_limit->35W', 'power_limit->30W', 'power_limit->25W', 'power_limit->20W', 'power_limit->20W', 'power_limit->20W', 'power_limit->20W', 'power_limit->20W', 'power_limit->20W', 'power_limit->20W', 'power_limit->20W', 'power_limit->20W', 'power_limit->20W', 'power_limit->20W', 'power_limit->20W', 'power_limit->20W', 'power_limit->20W', 'power_limit->20W', 'power_limit->20W', 'power_limit->20W', 'power_limit->20W', 'power_limit->20W', 'power_limit->20W', 'power_limit->20W', 'power_limit->20W', 'power_limit->20W', 'power_limit->20W', 'power_limit->20W', 'power_limit->20W', 'power_limit->20W', 'power_limit->20W', 'power_limit->20W', 'power_limit->20W', 'power_limit->20W'] | gpu=0
2025-08-31 14:29:58,557 - gpu_optimization_orchestrator - DEBUG - unknown - [C-LOOP] tick end | gpu=0 | success=True
2025-08-31 14:29:58,558 - gpu_optimization_orchestrator - DEBUG - unknown - [TRACE] → _compute_state_from_metrics args=[<mining_environment.scripts.gpu_optimization_orchestrator.GPUOptimizationOrchestrator object at 0x778338f83fd0>] kwargs={'pid': '142', 'gpu_index': '0', 'results': '{"pid": 142, "gpu_index": 0, "timestamp": "2025-08-31T14:28:48.103960", "success": true, "strategies_applied": ["temperature_pid142_gpu0", "memory_pid142_gpu0", "gpu_power_pid142_gpu0", "gpu_clock_pid142_gpu0", "temperature_pid209_gpu1", "memory_pid209_gpu1", "gpu_power_pid209_gpu1", "gpu_clock_pid2…'}
2025-08-31 14:29:58,559 - gpu_optimization_orchestrator - DEBUG - unknown - [TRACE] → _get_time_bucket args=[] kwargs={}
2025-08-31 14:29:58,559 - gpu_optimization_orchestrator - DEBUG - unknown - [TRACE] ← _get_time_bucket result=business
2025-08-31 14:29:58,559 - gpu_optimization_orchestrator - DEBUG - unknown - [TRACE] ← _compute_state_from_metrics result={"temp_status": "SAFE", "gpu_util": 100.0, "recent_errors": 0, "time_of_day": "business", "last_tier": null}
2025-08-31 14:29:58,559 - gpu_optimization_orchestrator - INFO - unknown - [Orchestrator] Next interval selected: 120s | state={'temp_status': 'SAFE', 'gpu_util': 100.0, 'recent_errors': 0, 'time_of_day': 'business', 'last_tier': None} | tier=None | choices=[(240, 420), (420, 900), (900, 1500), (1500, 2400), (2400, 4200)] | gpu=0
2025-08-31 14:30:03,117 - gpu_optimization_orchestrator - INFO - unknown - [Orchestrator] Closed-loop result: success=False achieved=1.000 in 35.05s ops=['power_limit->95W', 'power_limit->90W', 'power_limit->85W', 'power_limit->80W', 'power_limit->75W', 'power_limit->70W', 'power_limit->65W', 'power_limit->60W', 'power_limit->55W', 'power_limit->50W', 'power_limit->45W', 'power_limit->40W', 'power_limit->35W', 'power_limit->30W', 'power_limit->25W', 'power_limit->20W', 'power_limit->20W', 'power_limit->20W', 'power_limit->20W', 'power_limit->20W', 'power_limit->20W', 'power_limit->20W', 'power_limit->20W', 'power_limit->20W', 'power_limit->20W', 'power_limit->20W', 'power_limit->20W', 'power_limit->20W', 'power_limit->20W', 'power_limit->20W', 'power_limit->20W', 'power_limit->20W', 'power_limit->20W', 'power_limit->20W', 'power_limit->20W', 'power_limit->20W', 'power_limit->20W', 'power_limit->20W', 'power_limit->20W', 'power_limit->20W', 'power_limit->20W', 'power_limit->20W', 'power_limit->20W', 'power_limit->20W', 'power_limit->20W', 'power_limit->20W'] | gpu=1
2025-08-31 14:30:03,118 - gpu_optimization_orchestrator - DEBUG - unknown - [C-LOOP] tick end | gpu=1 | success=True
2025-08-31 14:30:03,119 - gpu_optimization_orchestrator - DEBUG - unknown - [TRACE] → _compute_state_from_metrics args=[<mining_environment.scripts.gpu_optimization_orchestrator.GPUOptimizationOrchestrator object at 0x778338f83fd0>] kwargs={'pid': '209', 'gpu_index': '1', 'results': '{"pid": 209, "gpu_index": 1, "timestamp": "2025-08-31T14:28:52.603877", "success": true, "strategies_applied": ["temperature_pid142_gpu0", "memory_pid142_gpu0", "gpu_power_pid142_gpu0", "gpu_clock_pid142_gpu0", "temperature_pid209_gpu1", "memory_pid209_gpu1", "gpu_power_pid209_gpu1", "gpu_clock_pid2…'}
2025-08-31 14:30:03,119 - gpu_optimization_orchestrator - DEBUG - unknown - [TRACE] → _get_time_bucket args=[] kwargs={}
2025-08-31 14:30:03,119 - gpu_optimization_orchestrator - DEBUG - unknown - [TRACE] ← _get_time_bucket result=business
2025-08-31 14:30:03,119 - gpu_optimization_orchestrator - DEBUG - unknown - [TRACE] ← _compute_state_from_metrics result={"temp_status": "SAFE", "gpu_util": 100.0, "recent_errors": 0, "time_of_day": "business", "last_tier": null}
2025-08-31 14:30:03,120 - gpu_optimization_orchestrator - INFO - unknown - [Orchestrator] Next interval selected: 120s | state={'temp_status': 'SAFE', 'gpu_util': 100.0, 'recent_errors': 0, 'time_of_day': 'business', 'last_tier': None} | tier=None | choices=[(240, 420), (420, 900), (900, 1500), (1500, 2400), (2400, 4200)] | gpu=1
2025-08-31 14:31:58,681 - gpu_optimization_orchestrator - DEBUG - unknown - [C-LOOP] tick start | gpu=0
2025-08-31 14:31:58,692 - gpu_optimization_orchestrator - DEBUG - unknown - [TRACE] → optimize_gpu_for_process args=[<mining_environment.scripts.gpu_optimization_orchestrator.GPUOptimizationOrchestrator object at 0x778338f83fd0>] kwargs={'pid': '142', 'gpu_index': '0', 'strategies': '["gpu_power", "gpu_clock", "temperature", "memory"]'}
2025-08-31 14:31:58,692 - gpu_optimization_orchestrator - INFO - unknown - 🎯 **Starting GPU optimization** (bắt đầu tối ưu GPU – khởi động quá trình tối ưu) for PID 142 on GPU 0
2025-08-31 14:31:58,693 - gpu_optimization_orchestrator - INFO - unknown - 🧠 Skipping GPU memory reservation for PID 142 on GPU 0 (COORD_DISABLE_GPU_MEMORY=1)
2025-08-31 14:31:58,693 - gpu_optimization_orchestrator - INFO - unknown - ✅ Acquired GPU compute-only resources for PID 142 on GPU 0 (attempt 1)
2025-08-31 14:31:58,737 - gpu_optimization_orchestrator - INFO - unknown - 🔄 Executing 4 strategies in parallel (thực thi 4 chiến lược song song – chạy đồng thời)...
2025-08-31 14:32:03,240 - gpu_optimization_orchestrator - DEBUG - unknown - [C-LOOP] tick start | gpu=1
2025-08-31 14:32:03,250 - gpu_optimization_orchestrator - DEBUG - unknown - [TRACE] → optimize_gpu_for_process args=[<mining_environment.scripts.gpu_optimization_orchestrator.GPUOptimizationOrchestrator object at 0x778338f83fd0>] kwargs={'pid': '209', 'gpu_index': '1', 'strategies': '["gpu_power", "gpu_clock", "temperature", "memory"]'}
2025-08-31 14:32:03,250 - gpu_optimization_orchestrator - INFO - unknown - 🎯 **Starting GPU optimization** (bắt đầu tối ưu GPU – khởi động quá trình tối ưu) for PID 209 on GPU 1
2025-08-31 14:32:03,250 - gpu_optimization_orchestrator - INFO - unknown - 🧠 Skipping GPU memory reservation for PID 209 on GPU 1 (COORD_DISABLE_GPU_MEMORY=1)
2025-08-31 14:32:03,251 - gpu_optimization_orchestrator - INFO - unknown - ✅ Acquired GPU compute-only resources for PID 209 on GPU 1 (attempt 1)
2025-08-31 14:32:03,279 - gpu_optimization_orchestrator - INFO - unknown - 🔄 Executing 4 strategies in parallel (thực thi 4 chiến lược song song – chạy đồng thời)...
