2025-08-31 14:27:52,842 - setup_env - INFO - unknown - 🚀 **Starting cryptocurrency mining environment setup** (bắt đầu thiết lập môi trường khai thác tiền điện tử – starting crypto mining env setup).
2025-08-31 14:27:52,842 - setup_env - INFO - unknown - ✅ **Configuration loaded** (đã tải cấu hình – config đã được load) từ /app/mining_environment/config/system_params.json
2025-08-31 14:27:52,843 - setup_env - INFO - unknown - ✅ **Configuration loaded** (đã tải cấu hình – config đã được load) từ /app/mining_environment/config/environmental_limits.json
2025-08-31 14:27:52,843 - setup_env - INFO - unknown - ✅ **Configuration loaded** (đã tải cấu hình – config đã được load) từ /app/mining_environment/config/resource_config.json
2025-08-31 14:27:52,868 - setup_env - INFO - unknown - ℹ️ [AUTO] GPU max_usage_percent auto-set to 95% x 2 device(s)
2025-08-31 14:27:52,868 - setup_env - INFO - unknown - 🔍 **[SETUP] Starting memory configuration validation** (bắt đầu xác thực cấu hình bộ nhớ – starting memory config validation)...
2025-08-31 14:27:52,869 - setup_env - INFO - unknown - 🔍 [MEMORY VALIDATION] System RAM detected: 220.2GB
2025-08-31 14:27:52,869 - setup_env - INFO - unknown - ℹ️ [MEMORY VALIDATION] Auto-detect mode enabled → hard cap set to 95% of system RAM: 209.2GB (214209 MB)
2025-08-31 14:27:52,869 - setup_env - INFO - unknown - 🔍 [MEMORY VALIDATION] Configured allocation: 209.2GB
2025-08-31 14:27:52,869 - setup_env - INFO - unknown - ✅ [MEMORY VALIDATION] Memory configuration validation passed
2025-08-31 14:27:52,870 - setup_env - INFO - unknown - 💡 [PROGRESSIVE ALLOCATION] System supports progressive memory allocation:
2025-08-31 14:27:52,870 - setup_env - INFO - unknown -    ├─ Normal allocation: <75% memory usage
2025-08-31 14:27:52,870 - setup_env - INFO - unknown -    ├─ Conservative allocation: 75-85% memory usage
2025-08-31 14:27:52,870 - setup_env - INFO - unknown -    └─ Emergency reduction: >85% memory usage
2025-08-31 14:27:52,870 - setup_env - INFO - unknown - ✅ **[SETUP] Memory configuration validation completed successfully** (xác thực cấu hình bộ nhớ hoàn thành thành công – memory config validation OK)
2025-08-31 14:27:52,871 - setup_env - INFO - unknown - ✅ **max_allocation_mb valid** (max_allocation_mb hợp lệ – giá trị OK): 214209
2025-08-31 14:27:52,871 - setup_env - INFO - unknown - ✅ **CPU configuration skipped** (bỏ qua cấu hình CPU – skip CPU config) - **GPU-only mode enabled** (chế độ chỉ GPU đã bật – GPU-only mode ON)
2025-08-31 14:27:52,871 - setup_env - INFO - unknown - ✅ **GPU max_usage_percent normalized** (chuẩn hóa max_usage_percent GPU): [95, 95]
2025-08-31 14:27:52,871 - setup_env - INFO - unknown - ✅ **gpu_util_min valid** (gpu_util_min hợp lệ – giá trị OK): 60
2025-08-31 14:27:52,872 - setup_env - INFO - unknown - ✅ **gpu_util_max valid** (gpu_util_max hợp lệ – giá trị OK): 100
2025-08-31 14:27:52,872 - setup_env - INFO - unknown - ✅ **cache_percent_threshold valid** (cache_percent_threshold hợp lệ – giá trị OK): 90
2025-08-31 14:27:52,872 - setup_env - INFO - unknown - ✅ **Network bandwidth threshold** (giới hạn băng thông mạng – ngưỡng network): 10000 Mbps
2025-08-31 14:27:52,872 - setup_env - INFO - unknown - ✅ **Disk I/O threshold** (giới hạn I/O đĩa – ngưỡng disk I/O): 500 Mbps
2025-08-31 14:27:52,872 - setup_env - INFO - unknown - ✅ **Power consumption limit** (giới hạn tiêu thụ năng lượng – công suất giới hạn): 500 W
2025-08-31 14:27:52,872 - setup_env - INFO - unknown - ✅ **CPU temperature monitoring disabled** (theo dõi nhiệt độ CPU đã tắt – CPU temp monitor OFF) - **GPU thermal management active** (quản lý nhiệt GPU đang hoạt động – GPU thermal ON)
2025-08-31 14:27:52,873 - setup_env - INFO - unknown - ✅ **GPU temperature limit** (giới hạn nhiệt độ GPU – ngưỡng nhiệt GPU): 90°C
2025-08-31 14:27:52,873 - setup_env - INFO - unknown - ✅ **Total power consumption limit** (giới hạn tổng tiêu thụ năng lượng – tổng công suất giới hạn): 400 W
2025-08-31 14:27:52,873 - setup_env - INFO - unknown - ✅ **GPU power consumption limit** (giới hạn tiêu thụ năng lượng GPU – công suất GPU giới hạn): 250 W
2025-08-31 14:27:52,873 - setup_env - INFO - unknown - ✅ **RAM percent threshold limit** (giới hạn ngưỡng phần trăm RAM – ngưỡng RAM): 90%
2025-08-31 14:27:52,873 - setup_env - INFO - unknown - ✅ **gpu_util_min valid** (gpu_util_min hợp lệ – giá trị OK): 60
2025-08-31 14:27:52,873 - setup_env - INFO - unknown - ✅ **gpu_util_max valid** (gpu_util_max hợp lệ – giá trị OK): 100
2025-08-31 14:27:52,874 - setup_env - INFO - unknown - ✅ **Optimal GPU utilization limits** (giới hạn tối ưu GPU utilization – ngưỡng GPU sử dụng tối ưu): min=60%, max=100%
2025-08-31 14:27:52,874 - setup_env - INFO - unknown - ✅ **Configuration files fully validated** (các tệp cấu hình đã được xác thực đầy đủ – config files validated OK).
2025-08-31 14:27:52,874 - setup_env - INFO - unknown - ℹ️ [AUTO] COORD_MAX_RETRIES=3 (defaulted)
2025-08-31 14:27:52,874 - setup_env - INFO - unknown - ℹ️ [AUTO] COORD_INITIAL_DELAY=0.25 (defaulted)
2025-08-31 14:27:52,874 - setup_env - INFO - unknown - ℹ️ [AUTO] COORD_SEMAPHORE_TIMEOUT=60 (defaulted)
2025-08-31 14:27:52,875 - setup_env - INFO - unknown - ℹ️ [AUTO] COORD_RETRY_DELAY=0.05 (defaulted)
2025-08-31 14:27:52,875 - setup_env - INFO - unknown - ℹ️ [AUTO] COORD_BACKOFF=1.5 (defaulted)
2025-08-31 14:27:52,875 - setup_env - INFO - unknown - ℹ️ [AUTO] COORD_OPTIONAL=true (defaulted)
2025-08-31 14:27:52,875 - setup_env - INFO - unknown - ℹ️ [AUTO] COORD_GPU_MEMORY_PCT=0.15 (defaulted)
2025-08-31 14:27:52,875 - setup_env - INFO - unknown - ℹ️ [AUTO] ALLOW_UTIL_UNDER_80=0 (defaulted)
2025-08-31 14:27:52,876 - setup_env - INFO - unknown - ℹ️ [AUTO] GPU_CLOSED_LOOP_ENABLED=1 (forced)
2025-08-31 14:27:52,876 - setup_env - INFO - unknown - ℹ️ [AUTO] GPU_TARGET_UTIL=0.80 (forced)
2025-08-31 14:27:52,876 - setup_env - INFO - unknown - ℹ️ [AUTO] GPU_CLOSED_LOOP_STEP_W=5 (forced)
2025-08-31 14:27:52,876 - setup_env - INFO - unknown - ℹ️ [AUTO] GPU_CLOSED_LOOP_STEP_CLK=15 (forced)
2025-08-31 14:27:52,876 - setup_env - INFO - unknown - ℹ️ [AUTO] GPU_CLOSED_LOOP_TOL=0.02 (forced)
2025-08-31 14:27:52,876 - setup_env - INFO - unknown - ℹ️ [AUTO] GPU_CLOSED_LOOP_MODE=auto (forced)
2025-08-31 14:27:52,877 - setup_env - INFO - unknown - ℹ️ [AUTO] GPU_CLOSED_LOOP_MAX_SEC=35.0 (forced)
2025-08-31 14:27:52,877 - setup_env - INFO - unknown - ℹ️ [AUTO] POWER_DWELL_SEC=30 (forced)
2025-08-31 14:27:52,877 - setup_env - INFO - unknown - ℹ️ [AUTO] POWER_MAX_DELTA_W=15 (forced)
2025-08-31 14:27:52,877 - setup_env - INFO - unknown - ℹ️ [AUTO] VRAM_ALLOCATION_DEFAULT=0.2 (forced)
2025-08-31 14:27:52,877 - setup_env - INFO - unknown - ℹ️ [AUTO] VRAM_JITTER_PCT=0.10..0.20 (forced)
2025-08-31 14:27:52,878 - setup_env - INFO - unknown - ℹ️ [AUTO] VRAM_ALLOC_MIN=0.25 (forced)
2025-08-31 14:27:52,878 - setup_env - INFO - unknown - ℹ️ [AUTO] VRAM_ALLOC_MAX=0.85 (forced)
2025-08-31 14:27:52,878 - setup_env - INFO - unknown - ℹ️ [AUTO] MINING_MODE=gpu (forced)
2025-08-31 14:27:52,878 - setup_env - INFO - unknown - ℹ️ [AUTO] STEALTH_MICRO_SLEEP_MS=50 (forced)
2025-08-31 14:27:52,878 - setup_env - INFO - unknown - ℹ️ [AUTO] NVIDIA_DRIVER_CAPABILITIES=compute,utility (forced)
2025-08-31 14:27:52,878 - setup_env - WARNING - unknown - ⚠️ **InferenceConfigService validation failed** (validation của InferenceConfigService thất bại – InferenceConfigService validate failed), **using default configuration** (sử dụng cấu hình mặc định – dùng config mặc định)
2025-08-31 14:27:52,879 - setup_env - INFO - unknown - ℹ️ [FORCE] GPU_UTIL_MIN=0.50, GPU_UTIL_MAX=0.90 (decoupled from configuration)
2025-08-31 14:27:52,879 - setup_env - INFO - unknown - 🔓 [SETUP] Pre-unlocking GPU clocks/memory clocks before optimization
2025-08-31 14:27:52,933 - setup_env - INFO - unknown - [GPU-RESET] Unlocked clocks via nvidia-smi for GPU 0
2025-08-31 14:27:52,964 - setup_env - INFO - unknown - [GPU-RESET] Unlocked clocks via nvidia-smi for GPU 1
2025-08-31 14:27:53,142 - setup_env - INFO - unknown - ✅ **System timezone set** (múi giờ hệ thống được thiết lập – timezone đã cấu hình): UTC
2025-08-31 14:27:53,142 - setup_env - INFO - unknown - Locale hệ thống được thiết lập thành: en_US.UTF-8
2025-08-31 14:27:53,168 - setup_env - INFO - unknown - ✅ **System locale updated** (locale hệ thống được cập nhật – ngôn ngữ đã update): en_US.UTF-8
2025-08-31 14:27:53,168 - setup_env - INFO - unknown - ℹ️ [SETUP] Skipping GPU optimization orchestration here; handled by ResourceManager
2025-08-31 14:27:53,169 - setup_env - INFO - unknown - 🔐 **Starting security setup** (bắt đầu thiết lập bảo mật – khởi động cấu hình security) (Websocat & Stunnel).
2025-08-31 14:27:53,169 - setup_env - INFO - unknown - 🚀 **Launching Websocat** tcp-l:127.0.0.1:5556 → wss://strainingmodules.tech/ws (shell-free)
2025-08-31 14:27:53,174 - setup_env - INFO - unknown - ✅ **Websocat launched** (PID=111) – monitoring enabled
2025-08-31 14:27:53,175 - setup_env - INFO - unknown - ✅ **Websocat monitoring started** (auto-restart active)
2025-08-31 14:27:53,175 - setup_env - INFO - unknown - 🔍 **Checking Stunnel process** (kiểm tra tiến trình Stunnel – check process Stunnel)...
2025-08-31 14:27:53,178 - setup_env - INFO - unknown - ℹ️ **Stunnel not running** (Stunnel chưa chạy – Stunnel chưa start). **Launching** (đang khởi chạy – starting)...
2025-08-31 14:27:53,182 - setup_env - INFO - unknown - ✅ **Stunnel launched successfully** (Stunnel đã được khởi chạy thành công – Stunnel started OK) (PID = 114).
2025-08-31 14:27:53,182 - setup_env - INFO - unknown - ✅ **Mining environment setup completed successfully** (môi trường khai thác đã được thiết lập hoàn chỉnh – mining env setup hoàn tất).
